\BOOKMARK [0][-]{chapter.1}{\376\377\000I\000n\000t\000r\000o\000d\000u\000c\000t\000i\000o\000n}{}% 1
\BOOKMARK [0][-]{chapter.2}{\376\377\000C\000o\000d\000e\000\040\000e\000x\000a\000m\000p\000l\000e}{}% 2
\BOOKMARK [0][-]{chapter.3}{\376\377\000c\000l\000o\000u\000d\000D\000e\000t\000e\000c\000t\000i\000o\000n}{}% 3
\BOOKMARK [1][-]{section.3.1}{\376\377\000c\000o\000l\000o\000r\000\137\000b\000a\000n\000d\000s\000\040\000m\000o\000d\000u\000l\000e}{chapter.3}% 4
\BOOKMARK [1][-]{section.3.2}{\376\377\000c\000r\000e\000a\000t\000e\000m\000a\000s\000k\000\040\000m\000o\000d\000u\000l\000e}{chapter.3}% 5
\BOOKMARK [1][-]{section.3.3}{\376\377\000c\000r\000e\000a\000t\000e\000r\000e\000g\000i\000o\000n\000s\000\040\000m\000o\000d\000u\000l\000e}{chapter.3}% 6
\BOOKMARK [1][-]{section.3.4}{\376\377\000l\000a\000b\000e\000l\000l\000e\000d\000\137\000i\000m\000a\000g\000e\000\040\000m\000o\000d\000u\000l\000e}{chapter.3}% 7
\BOOKMARK [1][-]{section.3.5}{\376\377\000m\000a\000i\000n\000\040\000m\000o\000d\000u\000l\000e}{chapter.3}% 8
\BOOKMARK [1][-]{section.3.6}{\376\377\000m\000y\000i\000m\000p\000o\000r\000t\000s\000\040\000m\000o\000d\000u\000l\000e}{chapter.3}% 9
\BOOKMARK [1][-]{section.3.7}{\376\377\000o\000v\000e\000r\000l\000a\000y\000\040\000m\000o\000d\000u\000l\000e}{chapter.3}% 10
\BOOKMARK [1][-]{section.3.8}{\376\377\000p\000o\000s\000t\000p\000r\000o\000c\000e\000s\000s\000o\000r\000\040\000m\000o\000d\000u\000l\000e}{chapter.3}% 11
\BOOKMARK [1][-]{section.3.9}{\376\377\000p\000r\000o\000c\000e\000s\000s\000o\000r\000\040\000m\000o\000d\000u\000l\000e}{chapter.3}% 12
\BOOKMARK [1][-]{section.3.10}{\376\377\000r\000a\000t\000i\000o\000\040\000m\000o\000d\000u\000l\000e}{chapter.3}% 13
\BOOKMARK [1][-]{section.3.11}{\376\377\000r\000e\000a\000d\000\137\000p\000r\000o\000p\000e\000r\000t\000i\000e\000s\000\137\000f\000i\000l\000e\000\040\000m\000o\000d\000u\000l\000e}{chapter.3}% 14
\BOOKMARK [1][-]{section.3.12}{\376\377\000r\000e\000s\000o\000l\000u\000t\000i\000o\000n\000\040\000m\000o\000d\000u\000l\000e}{chapter.3}% 15
\BOOKMARK [1][-]{section.3.13}{\376\377\000s\000e\000t\000t\000i\000n\000g\000s\000\040\000m\000o\000d\000u\000l\000e}{chapter.3}% 16
\BOOKMARK [1][-]{section.3.14}{\376\377\000s\000k\000y\000c\000o\000v\000e\000r\000\040\000m\000o\000d\000u\000l\000e}{chapter.3}% 17
\BOOKMARK [1][-]{section.3.15}{\376\377\000s\000t\000a\000t\000i\000s\000t\000i\000c\000a\000l\000\137\000a\000n\000a\000l\000y\000s\000i\000s\000\040\000m\000o\000d\000u\000l\000e}{chapter.3}% 18
\BOOKMARK [1][-]{section.3.16}{\376\377\000t\000h\000r\000e\000s\000h\000o\000l\000d\000s\000\040\000m\000o\000d\000u\000l\000e}{chapter.3}% 19
\BOOKMARK [0][-]{chapter.4}{\376\377\000I\000n\000d\000i\000c\000e\000s\000\040\000a\000n\000d\000\040\000t\000a\000b\000l\000e\000s}{}% 20
\BOOKMARK [0][-]{section*.35}{\376\377\000P\000y\000t\000h\000o\000n\000\040\000M\000o\000d\000u\000l\000e\000\040\000I\000n\000d\000e\000x}{}% 21
\BOOKMARK [0][-]{section*.36}{\376\377\000I\000n\000d\000e\000x}{}% 22
